2026-04-16 13:07:32,624 [INFO] Activator:176 - 


2026-04-16 13:07:32,626 [INFO] Activator:177 - !SESSION log4j initialized
2026-04-16 13:07:36,082 [INFO] LogOutputStream:77 - [STDOUT_REDIRECT] 
2026-04-16 13:07:37,736 [INFO] ApplicationProperties:184 - Using Application install path: F:\App\STM32CubeIDE\setup\STM32CubeIDE_1.19.0\STM32CubeIDE\plugins\com.st.stm32cube.common.mx_6.15.0.202507011659
2026-04-16 13:07:37,755 [INFO] DbMcusXml:78 - Set database path to: F:\App\STM32CubeIDE\setup\STM32CubeIDE_1.19.0\STM32CubeIDE\plugins\com.st.stm32cube.common.mx_6.15.0.202507011659\\db\/mcu/
2026-04-16 13:07:37,755 [INFO] ApiDb:274 - Set plugin database path to: F:\App\STM32CubeIDE\setup\STM32CubeIDE_1.19.0\STM32CubeIDE\plugins\com.st.stm32cube.common.mx_6.15.0.202507011659\\db\/plugins/boardmanager/
2026-04-16 13:07:37,755 [WARN] ApiDb:259 - Overriding images path with different value:  => F:\App\STM32CubeIDE\setup\STM32CubeIDE_1.19.0\STM32CubeIDE\plugins\com.st.stm32cube.common.mx_6.15.0.202507011659\\db\/plugins/mcufinder/images/
2026-04-16 13:07:37,765 [INFO] ApiDb:250 - Set database path to: C:\Users\DELL\.stmcufinder\plugins\mcufinder//mcu/
2026-04-16 13:07:37,766 [INFO] DbMcusAds:125 - Set database path to: C:\Users\DELL\.stmcufinder\plugins\mcufinder//mcu/
2026-04-16 13:07:37,769 [INFO] CrossReferenceDbSqlite:203 - Set database path to: C:\Users\DELL\.stmcufinder\plugins\mcufinder//mcu/cs/
2026-04-16 13:07:37,891 [INFO] RulesReader:64 - Compatibility file has been processed (317 Rules)
2026-04-16 13:07:37,974 [INFO] DbMcusXml:78 - Set database path to: F:\App\STM32CubeIDE\setup\STM32CubeIDE_1.19.0\STM32CubeIDE\plugins\com.st.stm32cube.common.mx_6.15.0.202507011659\\db\/mcu/
2026-04-16 13:07:37,974 [INFO] ApiDb:274 - Set plugin database path to: F:\App\STM32CubeIDE\setup\STM32CubeIDE_1.19.0\STM32CubeIDE\plugins\com.st.stm32cube.common.mx_6.15.0.202507011659\\db\/plugins/boardmanager/
2026-04-16 13:07:37,974 [INFO] ApiDb:261 - Set plugin images path to: F:\App\STM32CubeIDE\setup\STM32CubeIDE_1.19.0\STM32CubeIDE\plugins\com.st.stm32cube.common.mx_6.15.0.202507011659\\db\/plugins/mcufinder/images/
2026-04-16 13:07:37,974 [WARN] DbFile:41 - Overriding database path with different value: C:\Users\DELL\.stmcufinder\plugins\mcufinder/ => C:\Users\DELL\.stmcufinder\plugins\mcufinder
2026-04-16 13:07:37,974 [INFO] ApiDb:250 - Set database path to: C:\Users\DELL\.stmcufinder\plugins\mcufinder//mcu/
2026-04-16 13:07:37,974 [WARN] DbFile:41 - Overriding database path with different value: C:\Users\DELL\.stmcufinder\plugins\mcufinder/ => C:\Users\DELL\.stmcufinder\plugins\mcufinder
2026-04-16 13:07:37,974 [INFO] DbMcusAds:125 - Set database path to: C:\Users\DELL\.stmcufinder\plugins\mcufinder//mcu/
2026-04-16 13:07:37,974 [WARN] DbFile:41 - Overriding database path with different value: C:\Users\DELL\.stmcufinder\plugins\mcufinder/ => C:\Users\DELL\.stmcufinder\plugins\mcufinder
2026-04-16 13:07:37,974 [WARN] DbFile:41 - Overriding database path with different value: C:\Users\DELL\.stmcufinder\plugins\mcufinder/ => C:\Users\DELL\.stmcufinder\plugins\mcufinder
2026-04-16 13:07:37,974 [INFO] CrossReferenceDbSqlite:203 - Set database path to: C:\Users\DELL\.stmcufinder\plugins\mcufinder//mcu/cs/
2026-04-16 13:07:38,054 [INFO] MainPanel:274 - HeapMemory: 268435456
2026-04-16 13:07:38,175 [INFO] DbMcusXml:78 - Set database path to: F:\App\STM32CubeIDE\setup\STM32CubeIDE_1.19.0\STM32CubeIDE\plugins\com.st.stm32cube.common.mx_6.15.0.202507011659\\db\/mcu/
2026-04-16 13:07:38,175 [INFO] ApiDb:274 - Set plugin database path to: F:\App\STM32CubeIDE\setup\STM32CubeIDE_1.19.0\STM32CubeIDE\plugins\com.st.stm32cube.common.mx_6.15.0.202507011659\\db\/plugins/boardmanager/
2026-04-16 13:07:38,175 [INFO] ApiDb:261 - Set plugin images path to: F:\App\STM32CubeIDE\setup\STM32CubeIDE_1.19.0\STM32CubeIDE\plugins\com.st.stm32cube.common.mx_6.15.0.202507011659\\db\/plugins/mcufinder/images/
2026-04-16 13:07:38,175 [WARN] DbFile:41 - Overriding database path with different value: C:\Users\DELL\.stmcufinder\plugins\mcufinder/ => C:\Users\DELL\.stmcufinder\plugins\mcufinder
2026-04-16 13:07:38,176 [INFO] ApiDb:250 - Set database path to: C:\Users\DELL\.stmcufinder\plugins\mcufinder//mcu/
2026-04-16 13:07:38,176 [WARN] DbFile:41 - Overriding database path with different value: C:\Users\DELL\.stmcufinder\plugins\mcufinder/ => C:\Users\DELL\.stmcufinder\plugins\mcufinder
2026-04-16 13:07:38,176 [INFO] DbMcusAds:125 - Set database path to: C:\Users\DELL\.stmcufinder\plugins\mcufinder//mcu/
2026-04-16 13:07:38,176 [WARN] DbFile:41 - Overriding database path with different value: C:\Users\DELL\.stmcufinder\plugins\mcufinder/ => C:\Users\DELL\.stmcufinder\plugins\mcufinder
2026-04-16 13:07:38,176 [WARN] DbFile:41 - Overriding database path with different value: C:\Users\DELL\.stmcufinder\plugins\mcufinder/ => C:\Users\DELL\.stmcufinder\plugins\mcufinder
2026-04-16 13:07:38,176 [INFO] CrossReferenceDbSqlite:203 - Set database path to: C:\Users\DELL\.stmcufinder\plugins\mcufinder//mcu/cs/
2026-04-16 13:07:38,194 [INFO] ApplicationProperties:184 - Using Application install path: F:\App\STM32CubeIDE\setup\STM32CubeIDE_1.19.0\STM32CubeIDE\plugins\com.st.stm32cube.common.mx_6.15.0.202507011659
2026-04-16 13:07:38,196 [INFO] PluginManage:196 - Search for loadable plugins [exclusion list=, ]
2026-04-16 13:07:38,197 [INFO] PluginManage:310 - Check plugin analytics
2026-04-16 13:07:38,415 [INFO] AnalyticsPlugin:253 - Accepted Software Licenses: STM32CubeMX.6.16.0,STM32CubeMX.6.16.1
2026-04-16 13:07:38,415 [INFO] AnalyticsPlugin:255 - Accepted CMSIS Pack Licenses: STMicroelectronics.X-CUBE-AI.10.2.0,STMicroelectronics.X-CUBE-AZRTOS-F7.1.1.0
2026-04-16 13:07:38,416 [INFO] AnalyticsPlugin:257 - Accepted Firmware Licenses: FW.H7.1.12.0,FW.F4.1.28.0
2026-04-16 13:07:38,419 [INFO] PluginManage:359 - Loaded plugin analytics (category:tool,tabindex:-1)
2026-04-16 13:07:38,419 [INFO] PluginManage:310 - Check plugin cadmodel
2026-04-16 13:07:38,427 [INFO] CADModel:105 - Init CAD model plugin
2026-04-16 13:07:38,427 [INFO] PluginManage:359 - Loaded plugin cadmodel (category:power,tabindex:5)
2026-04-16 13:07:38,427 [INFO] PluginManage:310 - Check plugin clock
2026-04-16 13:07:38,440 [INFO] PluginManage:359 - Loaded plugin clock (category:base,tabindex:2)
2026-04-16 13:07:38,440 [INFO] PluginManage:310 - Check plugin ddr
2026-04-16 13:07:38,443 [INFO] PluginManage:359 - Loaded plugin ddr (category:tool,tabindex:6)
2026-04-16 13:07:38,443 [INFO] PluginManage:310 - Check plugin filemanager
2026-04-16 13:07:38,639 [INFO] PluginManage:359 - Loaded plugin filemanager (category:base,tabindex:10)
2026-04-16 13:07:38,639 [INFO] PluginManage:310 - Check plugin ipmanager
2026-04-16 13:07:38,646 [INFO] PluginManage:359 - Loaded plugin ipmanager (category:base,tabindex:5)
2026-04-16 13:07:38,646 [INFO] PluginManage:310 - Check plugin lpbam
2026-04-16 13:07:38,656 [INFO] PluginManage:359 - Loaded plugin lpbam (category:base,tabindex:0)
2026-04-16 13:07:38,656 [INFO] PluginManage:310 - Check plugin memorymap
2026-04-16 13:07:38,673 [INFO] PluginManage:359 - Loaded plugin memorymap (category:base,tabindex:4)
2026-04-16 13:07:38,674 [INFO] PluginManage:310 - Check plugin pinoutandconfiguration
2026-04-16 13:07:38,684 [INFO] PluginManage:359 - Loaded plugin pinoutandconfiguration (category:base,tabindex:1)
2026-04-16 13:07:38,684 [INFO] PluginManage:310 - Check plugin pinoutconfig
2026-04-16 13:07:38,785 [WARN] SupportedApi:132 - Cannot load RTOS API schema: s4s-elt-must-match.1: The content of 'definitions' must match (annotation?, (simpleType | complexType)?, (unique | key | keyref)*)). A problem was found starting at: attribute.
2026-04-16 13:07:38,927 [INFO] PluginManage:359 - Loaded plugin pinoutconfig (category:base,tabindex:0)
2026-04-16 13:07:38,927 [INFO] PluginManage:310 - Check plugin power
2026-04-16 13:07:38,938 [INFO] PluginManage:359 - Loaded plugin power (category:power,tabindex:4)
2026-04-16 13:07:38,938 [INFO] PluginManage:310 - Check plugin projectmanager
2026-04-16 13:07:38,954 [INFO] PluginManage:359 - Loaded plugin projectmanager (category:projectmanager,tabindex:4)
2026-04-16 13:07:38,954 [INFO] PluginManage:310 - Check plugin rif
2026-04-16 13:07:38,966 [INFO] PluginManage:359 - Loaded plugin rif (category:base,tabindex:3)
2026-04-16 13:07:38,967 [INFO] PluginManage:310 - Check plugin thirdparty
2026-04-16 13:07:39,159 [INFO] PluginManage:359 - Loaded plugin thirdparty (category:base,tabindex:-1)
2026-04-16 13:07:39,160 [INFO] PluginManage:310 - Check plugin tools
2026-04-16 13:07:39,159 [WARN] IntegrityCheckThread:84 - waiting for thirdparty lock release [integrity check]
2026-04-16 13:07:39,160 [INFO] IntegrityCheckThread:86 - entering critical section [integrity check]
2026-04-16 13:07:39,160 [INFO] ThirdPartyUpdaterWithRetryManager:70 - Updater plugin not ready yet. [1/15]
2026-04-16 13:07:39,162 [INFO] PluginManage:359 - Loaded plugin tools (category:base,tabindex:7)
2026-04-16 13:07:39,163 [INFO] PluginManage:310 - Check plugin tutovideos
2026-04-16 13:07:39,407 [INFO] PluginManage:359 - Loaded plugin tutovideos (category:base,tabindex:-1)
2026-04-16 13:07:39,407 [INFO] PluginManage:310 - Check plugin updater
2026-04-16 13:07:39,430 [INFO] PluginManage:359 - Loaded plugin updater (category:base,tabindex:12)
2026-04-16 13:07:39,430 [INFO] PluginManage:310 - Check plugin userauth
2026-04-16 13:07:39,435 [INFO] UserAuth:118 - Init User Auth plugin
2026-04-16 13:07:39,437 [INFO] PluginManage:359 - Loaded plugin userauth (category:base,tabindex:14)
2026-04-16 13:07:39,437 [INFO] PluginManage:283 - PluginManage : Loaded plugins [18]
2026-04-16 13:07:39,666 [INFO] PinOutPanel:1589 - setPackage(No Configuration,No Configuration)
2026-04-16 13:07:39,750 [INFO] CADModel:165 - CPN selected for project level
2026-04-16 13:07:39,751 [INFO] CADModel:114 - Register for checkConnection events
2026-04-16 13:07:39,772 [INFO] IPUIPlugin:80 - create IPUIPlugin
2026-04-16 13:07:39,772 [INFO] PluginManager:220 - loadIPPluginJar : add adc
2026-04-16 13:07:39,775 [INFO] IPUIPlugin:80 - create IPUIPlugin
2026-04-16 13:07:39,776 [INFO] PluginManager:220 - loadIPPluginJar : add aes
2026-04-16 13:07:39,779 [INFO] IPUIPlugin:80 - create IPUIPlugin
2026-04-16 13:07:39,779 [INFO] PluginManager:220 - loadIPPluginJar : add can
2026-04-16 13:07:39,781 [INFO] IPUIPlugin:80 - create IPUIPlugin
2026-04-16 13:07:39,781 [INFO] PluginManager:220 - loadIPPluginJar : add comp
2026-04-16 13:07:39,784 [INFO] IPUIPlugin:80 - create IPUIPlugin
2026-04-16 13:07:39,784 [INFO] PluginManager:220 - loadIPPluginJar : add cryp
2026-04-16 13:07:39,788 [INFO] IPUIPlugin:80 - create IPUIPlugin
2026-04-16 13:07:39,788 [INFO] PluginManager:220 - loadIPPluginJar : add ddr_ctrl_phy
2026-04-16 13:07:39,791 [INFO] IPUIPlugin:80 - create IPUIPlugin
2026-04-16 13:07:39,791 [INFO] PluginManager:220 - loadIPPluginJar : add dfsdm
2026-04-16 13:07:39,797 [INFO] IPUIPlugin:80 - create IPUIPlugin
2026-04-16 13:07:39,797 [INFO] PluginManager:220 - loadIPPluginJar : add dma
2026-04-16 13:07:39,802 [INFO] IPUIPlugin:80 - create IPUIPlugin
2026-04-16 13:07:39,802 [INFO] PluginManager:220 - loadIPPluginJar : add dma3
2026-04-16 13:07:39,805 [INFO] IPUIPlugin:80 - create IPUIPlugin
2026-04-16 13:07:39,805 [INFO] PluginManager:220 - loadIPPluginJar : add extmemmanager
2026-04-16 13:07:39,807 [INFO] IPUIPlugin:80 - create IPUIPlugin
2026-04-16 13:07:39,807 [INFO] PluginManager:220 - loadIPPluginJar : add fatfs
2026-04-16 13:07:39,812 [INFO] IPUIPlugin:80 - create IPUIPlugin
2026-04-16 13:07:39,812 [INFO] PluginManager:220 - loadIPPluginJar : add fmc
2026-04-16 13:07:39,819 [INFO] IPUIPlugin:80 - create IPUIPlugin
2026-04-16 13:07:39,820 [INFO] PluginManager:220 - loadIPPluginJar : add freertos
2026-04-16 13:07:39,821 [INFO] IPUIPlugin:80 - create IPUIPlugin
2026-04-16 13:07:39,821 [INFO] PluginManager:220 - loadIPPluginJar : add genericplugin
2026-04-16 13:07:39,824 [INFO] IPUIPlugin:80 - create IPUIPlugin
2026-04-16 13:07:39,824 [INFO] PluginManager:220 - loadIPPluginJar : add gfxmmu
2026-04-16 13:07:39,829 [INFO] IPUIPlugin:80 - create IPUIPlugin
2026-04-16 13:07:39,829 [INFO] PluginManager:220 - loadIPPluginJar : add gic
2026-04-16 13:07:39,835 [INFO] IPUIPlugin:80 - create IPUIPlugin
2026-04-16 13:07:39,836 [INFO] PluginManager:220 - loadIPPluginJar : add gpio
2026-04-16 13:07:39,839 [INFO] IPUIPlugin:80 - create IPUIPlugin
2026-04-16 13:07:39,839 [INFO] PluginManager:220 - loadIPPluginJar : add gtzc
2026-04-16 13:07:39,842 [INFO] IPUIPlugin:80 - create IPUIPlugin
2026-04-16 13:07:39,842 [INFO] PluginManager:220 - loadIPPluginJar : add hash
2026-04-16 13:07:39,845 [INFO] IPUIPlugin:80 - create IPUIPlugin
2026-04-16 13:07:39,845 [INFO] PluginManager:220 - loadIPPluginJar : add i2c
2026-04-16 13:07:39,848 [INFO] IPUIPlugin:80 - create IPUIPlugin
2026-04-16 13:07:39,848 [INFO] PluginManager:220 - loadIPPluginJar : add i2s
2026-04-16 13:07:39,852 [INFO] IPUIPlugin:80 - create IPUIPlugin
2026-04-16 13:07:39,852 [INFO] PluginManager:220 - loadIPPluginJar : add i3c
2026-04-16 13:07:39,857 [INFO] IPUIPlugin:80 - create IPUIPlugin
2026-04-16 13:07:39,857 [INFO] PluginManager:220 - loadIPPluginJar : add ipddr
2026-04-16 13:07:39,868 [INFO] IPUIPlugin:80 - create IPUIPlugin
2026-04-16 13:07:39,868 [INFO] PluginManager:220 - loadIPPluginJar : add linkedlist
2026-04-16 13:07:39,872 [INFO] IPUIPlugin:80 - create IPUIPlugin
2026-04-16 13:07:39,872 [INFO] PluginManager:220 - loadIPPluginJar : add lorawan
2026-04-16 13:07:39,874 [INFO] IPUIPlugin:80 - create IPUIPlugin
2026-04-16 13:07:39,874 [INFO] PluginManager:220 - loadIPPluginJar : add ltdc
2026-04-16 13:07:39,883 [INFO] IPUIPlugin:80 - create IPUIPlugin
2026-04-16 13:07:39,883 [INFO] PluginManager:220 - loadIPPluginJar : add mdma
2026-04-16 13:07:39,888 [INFO] IPUIPlugin:80 - create IPUIPlugin
2026-04-16 13:07:39,888 [INFO] PluginManager:220 - loadIPPluginJar : add nvic
2026-04-16 13:07:39,891 [INFO] IPUIPlugin:80 - create IPUIPlugin
2026-04-16 13:07:39,891 [INFO] PluginManager:220 - loadIPPluginJar : add opamp
2026-04-16 13:07:39,896 [INFO] IPUIPlugin:80 - create IPUIPlugin
2026-04-16 13:07:39,896 [INFO] PluginManager:220 - loadIPPluginJar : add openamp
2026-04-16 13:07:39,900 [INFO] IPUIPlugin:80 - create IPUIPlugin
2026-04-16 13:07:39,900 [INFO] PluginManager:220 - loadIPPluginJar : add pdm2pcm
2026-04-16 13:07:39,907 [INFO] IPUIPlugin:80 - create IPUIPlugin
2026-04-16 13:07:39,910 [INFO] PluginManager:220 - loadIPPluginJar : add plateformsettings
2026-04-16 13:07:39,913 [INFO] IPUIPlugin:80 - create IPUIPlugin
2026-04-16 13:07:39,913 [INFO] PluginManager:220 - loadIPPluginJar : add quadspi
2026-04-16 13:07:39,915 [INFO] IPUIPlugin:80 - create IPUIPlugin
2026-04-16 13:07:39,916 [INFO] PluginManager:220 - loadIPPluginJar : add radio
2026-04-16 13:07:39,922 [INFO] IPUIPlugin:80 - create IPUIPlugin
2026-04-16 13:07:39,922 [INFO] PluginManager:220 - loadIPPluginJar : add resmgrutility
2026-04-16 13:07:39,925 [INFO] IPUIPlugin:80 - create IPUIPlugin
2026-04-16 13:07:39,925 [INFO] PluginManager:220 - loadIPPluginJar : add sai
2026-04-16 13:07:39,928 [INFO] IPUIPlugin:80 - create IPUIPlugin
2026-04-16 13:07:39,928 [INFO] PluginManager:220 - loadIPPluginJar : add spi
2026-04-16 13:07:39,934 [INFO] IPUIPlugin:80 - create IPUIPlugin
2026-04-16 13:07:39,934 [INFO] PluginManager:220 - loadIPPluginJar : add stm32_wpan
2026-04-16 13:07:39,938 [INFO] IPUIPlugin:80 - create IPUIPlugin
2026-04-16 13:07:39,938 [INFO] PluginManager:220 - loadIPPluginJar : add tim
2026-04-16 13:07:39,941 [INFO] IPUIPlugin:80 - create IPUIPlugin
2026-04-16 13:07:39,941 [INFO] PluginManager:220 - loadIPPluginJar : add touchsensing
2026-04-16 13:07:39,944 [INFO] IPUIPlugin:80 - create IPUIPlugin
2026-04-16 13:07:39,944 [INFO] PluginManager:220 - loadIPPluginJar : add tracer_emb
2026-04-16 13:07:39,946 [INFO] IPUIPlugin:80 - create IPUIPlugin
2026-04-16 13:07:39,946 [INFO] PluginManager:220 - loadIPPluginJar : add ts
2026-04-16 13:07:39,948 [INFO] IPUIPlugin:80 - create IPUIPlugin
2026-04-16 13:07:39,948 [INFO] PluginManager:220 - loadIPPluginJar : add tsc
2026-04-16 13:07:39,950 [INFO] IPUIPlugin:80 - create IPUIPlugin
2026-04-16 13:07:39,951 [INFO] PluginManager:220 - loadIPPluginJar : add ucpd
2026-04-16 13:07:39,955 [INFO] IPUIPlugin:80 - create IPUIPlugin
2026-04-16 13:07:39,955 [INFO] PluginManager:220 - loadIPPluginJar : add usart
2026-04-16 13:07:39,958 [INFO] IPUIPlugin:80 - create IPUIPlugin
2026-04-16 13:07:39,958 [INFO] PluginManager:220 - loadIPPluginJar : add usbx
2026-04-16 13:07:40,083 [FATAL] Updater:351 - Updater called before beeing initialized
2026-04-16 13:07:40,117 [INFO] RulesReader:64 - Compatibility file has been processed (317 Rules)
2026-04-16 13:07:40,131 [INFO] RulesReader:64 - Compatibility file has been processed (317 Rules)
2026-04-16 13:07:40,142 [INFO] CADModel:165 - CPN selected for project level
2026-04-16 13:07:40,142 [INFO] CADModel:114 - Register for checkConnection events
2026-04-16 13:07:40,142 [FATAL] Updater:351 - Updater called before beeing initialized
2026-04-16 13:07:40,142 [ERROR] CADModel:125 - Updater not yet initialized, retry later 
2026-04-16 13:07:40,283 [FATAL] Updater:351 - Updater called before beeing initialized
2026-04-16 13:07:40,285 [INFO] CADModel:165 - CPN selected for project level
2026-04-16 13:07:40,286 [INFO] CADModel:114 - Register for checkConnection events
2026-04-16 13:07:40,286 [FATAL] Updater:351 - Updater called before beeing initialized
2026-04-16 13:07:40,286 [ERROR] CADModel:125 - Updater not yet initialized, retry later 
2026-04-16 13:07:40,289 [FATAL] Updater:351 - Updater called before beeing initialized
2026-04-16 13:07:40,411 [FATAL] Updater:351 - Updater called before beeing initialized
2026-04-16 13:07:40,415 [INFO] DbMcusAds:53 - JSON generation date=Fri Apr 10 16:19:02 ICT 2026 (1775812742310)
2026-04-16 13:07:40,416 [FATAL] Updater:351 - Updater called before beeing initialized
2026-04-16 13:07:40,455 [WARN] DetailPanel:346 - Failed to get advertising image, set to default
2026-04-16 13:07:40,530 [FATAL] Updater:351 - Updater called before beeing initialized
2026-04-16 13:07:40,533 [FATAL] Updater:351 - Updater called before beeing initialized
2026-04-16 13:07:40,533 [FATAL] Updater:351 - Updater called before beeing initialized
2026-04-16 13:07:40,533 [WARN] DetailPanel:346 - Failed to get advertising image, set to default
2026-04-16 13:07:40,534 [FATAL] Updater:351 - Updater called before beeing initialized
2026-04-16 13:07:40,585 [ERROR] Updater:1198 - MainUpdater not yet initialized. External WinMGr cannot be set.
2026-04-16 13:07:40,587 [INFO] Updater:1134 - Updater Version found : 6.15.0
2026-04-16 13:07:40,607 [INFO] ApplicationProperties:184 - Using Application install path: F:\App\STM32CubeIDE\setup\STM32CubeIDE_1.19.0\STM32CubeIDE\plugins\com.st.stm32cube.common.mx_6.15.0.202507011659
2026-04-16 13:07:42,161 [INFO] ThirdPartyUpdaterWithRetryManager:70 - Updater plugin not ready yet. [2/15]
2026-04-16 13:07:42,181 [ERROR] LogOutputStream:75 - [STDERR_REDIRECT] Apr 16, 2026 1:07:42 PM java.util.prefs.WindowsPreferences <init>
2026-04-16 13:07:42,186 [ERROR] LogOutputStream:75 - [STDERR_REDIRECT] WARNING: Could not open/create prefs root node Software\JavaSoft\Prefs at root 0xffffffff80000002. Windows RegCreateKeyEx(...) returned error code 5.
2026-04-16 13:07:42,186 [ERROR] LogOutputStream:75 - [STDERR_REDIRECT] 
2026-04-16 13:07:42,241 [INFO] MainUpdater:525 - Copy updater definitions from MX database
2026-04-16 13:07:42,586 [INFO] MainUpdater:2872 - connection check result : 10
2026-04-16 13:07:42,587 [INFO] MainUpdater:3604 - Updater definition file requires update
2026-04-16 13:07:42,587 [INFO] MainUpdater:289 - Updater Check For Update Now.
2026-04-16 13:07:42,587 [INFO] MicroXplorer:498 - Change Database Version : DB.6.0.150
2026-04-16 13:07:42,593 [INFO] McuFinderGlobals:63 - Set McuFinder mode to 2 (CubeIDE integrated)
2026-04-16 13:07:42,594 [INFO] UserAuth:171 - activating auth plugin
2026-04-16 13:07:42,596 [INFO] UserAuth:487 - Internet connection configuration mode: 1
2026-04-16 13:07:42,616 [INFO] JxBrowserEngine:152 - Initiate JxBrowser Engine with user profile folder
2026-04-16 13:07:42,763 [INFO] ServerAccessManage:452 - Complete download http(s) 200
2026-04-16 13:07:42,764 [INFO] ServerAccessManage:509 - Download File updaters.zip
2026-04-16 13:07:43,238 [INFO] FileExtend:248 - Unzip File : updaters.zip
2026-04-16 13:07:43,238 [INFO] FileExtend:263 - Standard Zip Deflate
2026-04-16 13:07:44,198 [INFO] WebApp:169 - Instantiating new browser for Auth
2026-04-16 13:07:44,223 [INFO] ServerAccessManage:452 - Complete download http(s) 200
2026-04-16 13:07:44,223 [INFO] ServerAccessManage:509 - Download File PacksControlFlags.xml
2026-04-16 13:07:44,511 [INFO] ServerAccessManage:452 - Complete download http(s) 200
2026-04-16 13:07:44,511 [INFO] ServerAccessManage:509 - Download File cubemx.pidx
2026-04-16 13:07:44,803 [INFO] LoadServerUpdatesThread:375 - End of LoadServerUpdate Thread
2026-04-16 13:07:44,974 [INFO] CheckServerUpdateThread:120 - End of CheckServer Thread
2026-04-16 13:07:45,497 [INFO] WebApp:463 - Apply proxy settings
2026-04-16 13:07:45,499 [INFO] WebApp:548 - Chromium requires no authentication
2026-04-16 13:07:45,543 [INFO] WebApp:491 - Direct internet connection detected
2026-04-16 13:07:45,650 [INFO] WebApp:900 - Register for checkConnection events
2026-04-16 13:07:45,651 [INFO] WebApp:463 - Apply proxy settings
2026-04-16 13:07:45,651 [INFO] WebApp:548 - Chromium requires no authentication
2026-04-16 13:07:45,652 [INFO] WebApp:491 - Direct internet connection detected
2026-04-16 13:07:45,756 [WARN] PackLoader:240 - Cannot read IP mode file for STMicroelectronics.X-CUBE-AZRTOS-H7.3.5.0
2026-04-16 13:07:45,772 [WARN] PackLoader:240 - Cannot read IP mode file for STMicroelectronics.FP-ATR-ASTRA1.2.0.2
2026-04-16 13:07:45,788 [WARN] PackLoader:240 - Cannot read IP mode file for STMicroelectronics.X-CUBE-SMBUS.2.1.0
2026-04-16 13:07:45,814 [WARN] PackLoader:240 - Cannot read IP mode file for STMicroelectronics.X-CUBE-AZRTOS-F7.1.1.0
2026-04-16 13:07:45,824 [WARN] PackLoader:240 - Cannot read IP mode file for STMicroelectronics.FP-SNS-MOTENV1.5.1.0
2026-04-16 13:07:45,836 [WARN] PackLoader:240 - Cannot read IP mode file for WES.I-CUBE-Cesium.1.4.0
2026-04-16 13:07:45,849 [WARN] PackLoader:240 - Cannot read IP mode file for STMicroelectronics.X-CUBE-DISPLAY.3.0.0
2026-04-16 13:07:45,862 [WARN] PackLoader:240 - Cannot read IP mode file for STMicroelectronics.FP-SNS-MOTENVWB1.1.5.0
2026-04-16 13:07:45,881 [WARN] PackLoader:240 - Cannot read IP mode file for STMicroelectronics.X-CUBE-NFC10.1.0.0
2026-04-16 13:07:45,893 [WARN] PackLoader:240 - Cannot read IP mode file for STMicroelectronics.X-CUBE-ST60.1.1.0
2026-04-16 13:07:45,905 [WARN] PackLoader:240 - Cannot read IP mode file for emotas.I-CUBE-CANOPEN.1.3.0
2026-04-16 13:07:45,915 [WARN] PackLoader:240 - Cannot read IP mode file for STMicroelectronics.X-CUBE-GNSS1.7.1.0
2026-04-16 13:07:45,929 [WARN] PackLoader:240 - Cannot read IP mode file for STMicroelectronics.FP-SNS-STBOX1.2.1.0
2026-04-16 13:07:45,939 [WARN] PackLoader:240 - Cannot read IP mode file for STMicroelectronics.FP-SNS-SMARTAG2.1.2.0
2026-04-16 13:07:45,946 [WARN] PackLoader:240 - Cannot read IP mode file for STMicroelectronics.FP-SNS-FLIGHT1.5.1.0
2026-04-16 13:07:45,957 [INFO] WebApp:191 - Connection restablished
2026-04-16 13:07:45,966 [INFO] LogOutputStream:77 - [STDOUT_REDIRECT] 1 : Invalid condition id : UX_CORESTACK_Condition cause : null
2026-04-16 13:07:45,967 [INFO] LogOutputStream:77 - [STDOUT_REDIRECT] 1 : Invalid condition id : UX_CORESTACK_Condition cause : null
2026-04-16 13:07:45,968 [INFO] LogOutputStream:77 - [STDOUT_REDIRECT] 1 : Invalid condition id : UX_CORESTACK_Condition cause : null
2026-04-16 13:07:45,970 [INFO] LogOutputStream:77 - [STDOUT_REDIRECT] 1 : Invalid condition id : UX_CORESTACK_Condition cause : null
2026-04-16 13:07:45,971 [INFO] LogOutputStream:77 - [STDOUT_REDIRECT] 1 : Invalid condition id : UX_CORESTACK_Condition cause : null
2026-04-16 13:07:45,977 [WARN] PackLoader:240 - Cannot read IP mode file for STMicroelectronics.X-CUBE-AZRTOS-WL.2.0.0
2026-04-16 13:07:46,006 [WARN] PackLoader:240 - Cannot read IP mode file for STMicroelectronics.X-CUBE-AZRTOS-H7RS.1.2.0
2026-04-16 13:07:46,019 [WARN] PackLoader:240 - Cannot read IP mode file for STMicroelectronics.X-CUBE-BLE2.3.3.0
2026-04-16 13:07:46,050 [WARN] PackLoader:240 - Cannot read IP mode file for Infineon.AIROC-Wi-Fi-Bluetooth-STM32.1.8.0
2026-04-16 13:07:46,067 [WARN] PackLoader:240 - Cannot read IP mode file for STMicroelectronics.X-CUBE-NFC9.1.0.0
2026-04-16 13:07:46,076 [WARN] PackLoader:240 - Cannot read IP mode file for STMicroelectronics.X-CUBE-BLE1.7.1.0
2026-04-16 13:07:46,083 [WARN] PackLoader:240 - Cannot read IP mode file for wolfSSL.I-CUBE-wolfMQTT.1.19.2
2026-04-16 13:07:46,092 [WARN] PackLoader:240 - Cannot read IP mode file for STMicroelectronics.X-CUBE-EEPRMA1.5.2.0
2026-04-16 13:07:46,100 [WARN] PackLoader:240 - Cannot read IP mode file for wolfSSL.I-CUBE-wolfSSL.5.8.4
2026-04-16 13:07:46,107 [WARN] PackLoader:240 - Cannot read IP mode file for Cesanta.I-CUBE-Mongoose.7.20.0
2026-04-16 13:07:46,166 [WARN] PackLoader:240 - Cannot read IP mode file for STMicroelectronics.X-CUBE-MEMS1.12.0.0
2026-04-16 13:07:46,339 [WARN] PackLoader:240 - Cannot read IP mode file for STMicroelectronics.X-CUBE-AZRTOS-G0.1.1.0
2026-04-16 13:07:46,351 [WARN] PackLoader:240 - Cannot read IP mode file for STMicroelectronics.X-CUBE-NFC4.3.0.0
2026-04-16 13:07:46,364 [WARN] PackLoader:240 - Cannot read IP mode file for EmbeddedOffice.I-CUBE-FS-RTOS.1.0.1
2026-04-16 13:07:46,373 [WARN] PackLoader:240 - Cannot read IP mode file for STMicroelectronics.X-CUBE-WB05N.2.0.0
2026-04-16 13:07:46,380 [WARN] PackLoader:240 - Cannot read IP mode file for wolfSSL.I-CUBE-wolfTPM.3.8.0
2026-04-16 13:07:46,391 [WARN] PackLoader:240 - Cannot read IP mode file for STMicroelectronics.X-CUBE-TCPP.4.2.0
2026-04-16 13:07:46,401 [WARN] PackLoader:240 - Cannot read IP mode file for RealThread.X-CUBE-RT-Thread_Nano.4.1.1
2026-04-16 13:07:46,407 [WARN] PackLoader:240 - Cannot read IP mode file for STMicroelectronics.FP-ATR-SIGFOX1.3.2.0
2026-04-16 13:07:46,416 [WARN] PackLoader:240 - Cannot read IP mode file for STMicroelectronics.X-CUBE-FREERTOS.1.5.0
2026-04-16 13:07:46,426 [WARN] PackLoader:240 - Cannot read IP mode file for ITTIA_DB.I-CUBE-ITTIADB.8.9.0
2026-04-16 13:07:46,435 [WARN] PackLoader:240 - Cannot read IP mode file for STMicroelectronics.X-CUBE-NFC6.3.2.0
2026-04-16 13:07:46,444 [WARN] PackLoader:240 - Cannot read IP mode file for STMicroelectronics.X-CUBE-AI.10.2.0
2026-04-16 13:07:46,485 [WARN] PackLoader:240 - Cannot read IP mode file for SEGGER.I-CUBE-embOS.1.3.1
2026-04-16 13:07:46,543 [WARN] PackLoader:240 - Cannot read IP mode file for STMicroelectronics.X-CUBE-ALGOBUILD.1.4.0
2026-04-16 13:07:46,549 [WARN] PackLoader:240 - Cannot read IP mode file for STMicroelectronics.X-CUBE-PM33A1.1.0.0
2026-04-16 13:07:46,572 [WARN] PackLoader:240 - Cannot read IP mode file for STMicroelectronics.X-CUBE-AZRTOS-F4.1.1.0
2026-04-16 13:07:46,585 [WARN] PackLoader:240 - Cannot read IP mode file for STMicroelectronics.X-CUBE-ISPU.2.1.0
2026-04-16 13:07:46,633 [WARN] PackLoader:240 - Cannot read IP mode file for STMicroelectronics.X-CUBE-IPS.3.2.0
2026-04-16 13:07:46,652 [WARN] PackLoader:240 - Cannot read IP mode file for STMicroelectronics.X-CUBE-NFC12.1.0.0
2026-04-16 13:07:46,673 [WARN] PackLoader:240 - Cannot read IP mode file for STMicroelectronics.X-CUBE-AZRTOS-L5.2.0.0
2026-04-16 13:07:46,682 [WARN] PackLoader:240 - Cannot read IP mode file for STMicroelectronics.eDS-WB_DPC_VIENNA.1.2.0
2026-04-16 13:07:46,689 [WARN] PackLoader:240 - Cannot read IP mode file for STMicroelectronics.X-CUBE-TOUCHGFX.4.26.1
2026-04-16 13:07:46,696 [INFO] WebApp:225 - Starting web application
2026-04-16 13:07:46,697 [WARN] PackLoader:240 - Cannot read IP mode file for STMicroelectronics.FP-SNS-STAIOTCFT.1.0.0
2026-04-16 13:07:46,697 [INFO] WebApp:593 - Web application path used F:\App\STM32CubeIDE\setup\STM32CubeIDE_1.19.0\STM32CubeIDE\plugins\com.st.stm32cube.common.mx_6.15.0.202507011659\db\plugins\mcufinder\reactClient1\index.html
2026-04-16 13:07:46,706 [WARN] PackLoader:240 - Cannot read IP mode file for STMicroelectronics.X-CUBE-DPower.1.3.0
2026-04-16 13:07:46,728 [WARN] ConditionMgr:438 - getConditionDescription Invalid condition id : LAN8742 Phy interface Condition cause : null
2026-04-16 13:07:46,730 [WARN] PackLoader:240 - Cannot read IP mode file for STMicroelectronics.X-CUBE-AZRTOS-L4.2.0.0
2026-04-16 13:07:46,732 [WARN] ConditionMgr:1044 - genDependencies : Invalid condition id : LAN8742 Phy interface Condition cause : null
2026-04-16 13:07:46,733 [WARN] ConditionMgr:1044 - genDependencies : Invalid condition id : LAN8742 Phy interface Condition cause : null
2026-04-16 13:07:46,733 [WARN] ConditionMgr:1044 - genDependencies : Invalid condition id : LAN8742 Phy interface Condition cause : null
2026-04-16 13:07:46,743 [WARN] PackLoader:240 - Cannot read IP mode file for STMicroelectronics.X-CUBE-SFXS2LP1.4.0.0
2026-04-16 13:07:46,756 [WARN] PackLoader:240 - Cannot read IP mode file for STMicroelectronics.X-CUBE-ST67W61.1.2.0
2026-04-16 13:07:46,770 [WARN] PackLoader:240 - Cannot read IP mode file for STMicroelectronics.X-CUBE-BLEMGR.4.1.0
2026-04-16 13:07:46,789 [WARN] ConditionMgr:438 - getConditionDescription Invalid condition id : UX DEVICE CLASS RTOS Condition cause : null
2026-04-16 13:07:46,790 [WARN] ConditionMgr:438 - getConditionDescription Invalid condition id : UX DEVICE CLASS RTOS Condition cause : null
2026-04-16 13:07:46,793 [WARN] PackLoader:240 - Cannot read IP mode file for STMicroelectronics.X-CUBE-AZRTOS-WB.2.0.0
2026-04-16 13:07:46,794 [WARN] ConditionMgr:1044 - genDependencies : Invalid condition id : UX DEVICE CLASS RTOS Condition cause : null
2026-04-16 13:07:46,794 [WARN] ConditionMgr:1044 - genDependencies : Invalid condition id : UX DEVICE CLASS RTOS Condition cause : null
2026-04-16 13:07:46,794 [WARN] ConditionMgr:1044 - genDependencies : Invalid condition id : UX DEVICE CLASS RTOS Condition cause : null
2026-04-16 13:07:46,795 [WARN] ConditionMgr:1044 - genDependencies : Invalid condition id : UX DEVICE CLASS RTOS Condition cause : null
2026-04-16 13:07:46,795 [WARN] ConditionMgr:1044 - genDependencies : Invalid condition id : UX DEVICE CLASS RTOS Condition cause : null
2026-04-16 13:07:46,802 [WARN] ConditionMgr:438 - getConditionDescription Invalid condition id : Cortex-A Device cause : null
2026-04-16 13:07:46,820 [WARN] ConditionMgr:1044 - genDependencies : Invalid condition id : Cortex-A Device cause : null
2026-04-16 13:07:46,820 [WARN] ConditionMgr:1044 - genDependencies : Invalid condition id : Cortex-A Device cause : null
2026-04-16 13:07:46,820 [WARN] ConditionMgr:1044 - genDependencies : Invalid condition id : Cortex-A Device cause : null
2026-04-16 13:07:46,830 [WARN] PackLoader:240 - Cannot read IP mode file for STMicroelectronics.X-CUBE-STSE01.2.0.0
2026-04-16 13:07:46,845 [WARN] PackLoader:240 - Cannot read IP mode file for STMicroelectronics.X-CUBE-SUBG2.5.0.0
2026-04-16 13:07:46,868 [WARN] PackLoader:240 - Cannot read IP mode file for STMicroelectronics.X-CUBE-AZRTOS-G4.2.0.0
2026-04-16 13:07:46,881 [WARN] PackLoader:240 - Cannot read IP mode file for wolfSSL.I-CUBE-wolfSSH.1.4.20
2026-04-16 13:07:46,892 [WARN] PackLoader:240 - Cannot read IP mode file for STMicroelectronics.X-CUBE-NFC7.2.0.0
2026-04-16 13:07:46,903 [WARN] PackLoader:240 - Cannot read IP mode file for STMicroelectronics.X-CUBE-ALS.1.0.2
2026-04-16 13:07:46,919 [WARN] PackLoader:240 - Cannot read IP mode file for STMicroelectronics.X-CUBE-TOF1.3.4.3
2026-04-16 13:07:46,933 [INFO] ThirdParty:978 - Integrity check success = true
2026-04-16 13:07:46,933 [INFO] IntegrityCheckThread:100 - exiting critical section [integrity check]
2026-04-16 13:07:46,933 [INFO] IntegrityCheckThread:103 - End integrity checks thread
2026-04-16 13:07:50,855 [INFO] WebApp:194 - Connection lost
2026-04-16 13:07:50,988 [INFO] WebApp:191 - Connection restablished
